2022-03-01T09:59:24.9109138 404 : Not Found
2022-03-01T10:04:19.1768501 I/O error on GET request for "http://localhost:3000/hotels": Connection refused: connect; nested exception is java.net.ConnectException: Connection refused: connect
2022-03-01T10:05:22.3187721 I/O error on GET request for "http://localhost:3000/hotels": Connection refused: connect; nested exception is java.net.ConnectException: Connection refused: connect
[Ljava.lang.StackTraceElement;@7530ad9c
2022-03-01T10:05:55.5674899 I/O error on GET request for "http://localhost:3000/hotels": Connection refused: connect; nested exception is java.net.ConnectException: Connection refused: connect
[Ljava.lang.StackTraceElement;@3d34d211
2022-03-01T10:23:13.6513839 I/O error on GET request for "http://localhost:3000/hotels": Connection refused: connect; nested exception is java.net.ConnectException: Connection refused: connect
org.springframework.web.client.ResourceAccessException: I/O error on GET request for "http://localhost:3000/hotels": Connection refused: connect; nested exception is java.net.ConnectException: Connection refused: connect
	at org.springframework.web.client.RestTemplate.doExecute(RestTemplate.java:748)
	at org.springframework.web.client.RestTemplate.execute(RestTemplate.java:674)
	at org.springframework.web.client.RestTemplate.getForObject(RestTemplate.java:315)
	at com.techelevator.hotels.services.HotelService.listHotels(HotelService.java:25)
	at com.techelevator.hotels.App.handleListHotels(App.java:46)
	at com.techelevator.hotels.App.run(App.java:24)
	at com.techelevator.hotels.App.main(App.java:15)
Caused by: java.net.ConnectException: Connection refused: connect
	at java.base/java.net.PlainSocketImpl.connect0(Native Method)
	at java.base/java.net.PlainSocketImpl.socketConnect(PlainSocketImpl.java:101)
	at java.base/java.net.AbstractPlainSocketImpl.doConnect(AbstractPlainSocketImpl.java:399)
	at java.base/java.net.AbstractPlainSocketImpl.connectToAddress(AbstractPlainSocketImpl.java:242)
	at java.base/java.net.AbstractPlainSocketImpl.connect(AbstractPlainSocketImpl.java:224)
	at java.base/java.net.Socket.connect(Socket.java:609)
	at java.base/java.net.Socket.connect(Socket.java:558)
	at java.base/sun.net.NetworkClient.doConnect(NetworkClient.java:182)
	at java.base/sun.net.www.http.HttpClient.openServer(HttpClient.java:474)
	at java.base/sun.net.www.http.HttpClient.openServer(HttpClient.java:569)
	at java.base/sun.net.www.http.HttpClient.<init>(HttpClient.java:242)
	at java.base/sun.net.www.http.HttpClient.New(HttpClient.java:341)
	at java.base/sun.net.www.http.HttpClient.New(HttpClient.java:362)
	at java.base/sun.net.www.protocol.http.HttpURLConnection.getNewHttpClient(HttpURLConnection.java:1253)
	at java.base/sun.net.www.protocol.http.HttpURLConnection.plainConnect0(HttpURLConnection.java:1187)
	at java.base/sun.net.www.protocol.http.HttpURLConnection.plainConnect(HttpURLConnection.java:1081)
	at java.base/sun.net.www.protocol.http.HttpURLConnection.connect(HttpURLConnection.java:1015)
	at org.springframework.http.client.SimpleBufferingClientHttpRequest.executeInternal(SimpleBufferingClientHttpRequest.java:76)
	at org.springframework.http.client.AbstractBufferingClientHttpRequest.executeInternal(AbstractBufferingClientHttpRequest.java:48)
	at org.springframework.http.client.AbstractClientHttpRequest.execute(AbstractClientHttpRequest.java:53)
	at org.springframework.web.client.RestTemplate.doExecute(RestTemplate.java:739)
	... 6 more

2022-03-01T10:29:59.7068593 I/O error on GET request for "http://localhost:3000/hotels": Connection refused: connect; nested exception is java.net.ConnectException: Connection refused: connect
